  cApp.cpp
  cMain.cpp
cApp.obj : error LNK2001: unresolved external symbol "public: static bool __cdecl wxAppConsoleBase::CheckBuildOptions(char const *,char const *)" (?CheckBuildOptions@wxAppConsoleBase@@SA_NPBD0@Z)
cApp.obj : error LNK2001: unresolved external symbol "public: virtual void __thiscall wxAppConsoleBase::OnAssert(wchar_t const *,int,wchar_t const *,wchar_t const *)" (?OnAssert@wxAppConsoleBase@@UAEXPB_WH00@Z)
cApp.obj : error LNK2001: unresolved external symbol "public: virtual void __thiscall wxAppConsoleBase::OnAssertFailure(wchar_t const *,int,wchar_t const *,wchar_t const *,wchar_t const *)" (?OnAssertFailure@wxAppConsoleBase@@UAEXPB_WH000@Z)
cApp.obj : error LNK2001: unresolved external symbol "public: virtual void __thiscall wxAppConsoleBase::ExitMainLoop(void)" (?ExitMainLoop@wxAppConsoleBase@@UAEXXZ)
cApp.obj : error LNK2001: unresolved external symbol "public: virtual int __thiscall wxAppConsoleBase::MainLoop(void)" (?MainLoop@wxAppConsoleBase@@UAEHXZ)
cApp.obj : error LNK2001: unresolved external symbol "public: virtual bool __thiscall wxAppConsoleBase::Dispatch(void)" (?Dispatch@wxAppConsoleBase@@UAE_NXZ)
cApp.obj : error LNK2001: unresolved external symbol "public: virtual bool __thiscall wxAppConsoleBase::Pending(void)" (?Pending@wxAppConsoleBase@@UAE_NXZ)
cApp.obj : error LNK2001: unresolved external symbol "public: virtual void __thiscall wxAppConsoleBase::ProcessPendingEvents(void)" (?ProcessPendingEvents@wxAppConsoleBase@@UAEXXZ)
cApp.obj : error LNK2001: unresolved external symbol "public: virtual void __thiscall wxAppConsoleBase::RethrowStoredException(void)" (?RethrowStoredException@wxAppConsoleBase@@UAEXXZ)
cApp.obj : error LNK2001: unresolved external symbol "public: virtual bool __thiscall wxAppConsoleBase::StoreCurrentException(void)" (?StoreCurrentException@wxAppConsoleBase@@UAE_NXZ)
cApp.obj : error LNK2001: unresolved external symbol "public: virtual void __thiscall wxAppConsoleBase::OnUnhandledException(void)" (?OnUnhandledException@wxAppConsoleBase@@UAEXXZ)
cApp.obj : error LNK2001: unresolved external symbol "public: virtual void __thiscall wxAppConsoleBase::HandleEvent(class wxEvtHandler *,void (__thiscall wxEvtHandler::*)(class wxEvent &),class wxEvent &)const " (?HandleEvent@wxAppConsoleBase@@UBEXPAVwxEvtHandler@@P82@AEXAAVwxEvent@@@Z1@Z)
cApp.obj : error LNK2001: unresolved external symbol "public: virtual void __thiscall wxAppConsoleBase::CallEventHandler(class wxEvtHandler *,class wxEventFunctor &,class wxEvent &)const " (?CallEventHandler@wxAppConsoleBase@@UBEXPAVwxEvtHandler@@AAVwxEventFunctor@@AAVwxEvent@@@Z)
cApp.obj : error LNK2001: unresolved external symbol "public: virtual int __thiscall wxAppConsoleBase::FilterEvent(class wxEvent &)" (?FilterEvent@wxAppConsoleBase@@UAEHAAVwxEvent@@@Z)
cApp.obj : error LNK2001: unresolved external symbol "public: virtual void __thiscall wxAppConsoleBase::SetCLocale(void)" (?SetCLocale@wxAppConsoleBase@@UAEXXZ)
cApp.obj : error LNK2001: unresolved external symbol "public: virtual bool __thiscall wxAppConsoleBase::OnCmdLineError(class wxCmdLineParser &)" (?OnCmdLineError@wxAppConsoleBase@@UAE_NAAVwxCmdLineParser@@@Z)
cApp.obj : error LNK2001: unresolved external symbol "public: virtual bool __thiscall wxAppConsoleBase::OnCmdLineHelp(class wxCmdLineParser &)" (?OnCmdLineHelp@wxAppConsoleBase@@UAE_NAAVwxCmdLineParser@@@Z)
cApp.obj : error LNK2001: unresolved external symbol "public: virtual void __thiscall wxAppConsoleBase::Exit(void)" (?Exit@wxAppConsoleBase@@UAEXXZ)
cApp.obj : error LNK2001: unresolved external symbol "public: virtual void __thiscall wxAppConsoleBase::OnLaunched(void)" (?OnLaunched@wxAppConsoleBase@@UAEXXZ)
cApp.obj : error LNK2001: unresolved external symbol "int __cdecl wxEntry(struct HINSTANCE__ *,struct HINSTANCE__ *,char *,int)" (?wxEntry@@YAHPAUHINSTANCE__@@0PADH@Z)
cApp.obj : error LNK2001: unresolved external symbol "public: virtual class wxClassInfo * __thiscall wxApp::GetClassInfo(void)const " (?GetClassInfo@wxApp@@UBEPAVwxClassInfo@@XZ)
cApp.obj : error LNK2001: unresolved external symbol "protected: virtual class wxEventHashTable & __thiscall wxApp::GetEventHashTable(void)const " (?GetEventHashTable@wxApp@@MBEAAVwxEventHashTable@@XZ)
cApp.obj : error LNK2001: unresolved external symbol "protected: virtual struct wxEventTable const * __thiscall wxApp::GetEventTable(void)const " (?GetEventTable@wxApp@@MBEPBUwxEventTable@@XZ)
cApp.obj : error LNK2001: unresolved external symbol "public: virtual bool __thiscall wxApp::OnExceptionInMainLoop(void)" (?OnExceptionInMainLoop@wxApp@@UAE_NXZ)
cApp.obj : error LNK2001: unresolved external symbol "public: virtual void __thiscall wxApp::WakeUpIdle(void)" (?WakeUpIdle@wxApp@@UAEXXZ)
cApp.obj : error LNK2001: unresolved external symbol "public: virtual void __thiscall wxApp::CleanUp(void)" (?CleanUp@wxApp@@UAEXXZ)
cApp.obj : error LNK2001: unresolved external symbol "public: virtual bool __thiscall wxApp::Initialize(int &,wchar_t * *)" (?Initialize@wxApp@@UAE_NAAHPAPA_W@Z)
cApp.obj : error LNK2001: unresolved external symbol "public: virtual __thiscall wxApp::~wxApp(void)" (??1wxApp@@UAE@XZ)
cApp.obj : error LNK2001: unresolved external symbol "public: __thiscall wxApp::wxApp(void)" (??0wxApp@@QAE@XZ)
cApp.obj : error LNK2001: unresolved external symbol "protected: static class wxAppConsole * (__cdecl* wxAppConsoleBase::ms_appInitFn)(void)" (?ms_appInitFn@wxAppConsoleBase@@1P6APAVwxAppConsole@@XZA)
cApp.obj : error LNK2001: unresolved external symbol "protected: virtual class wxRefCounter * __thiscall wxObject::CloneRefData(class wxRefCounter const *)const " (?CloneRefData@wxObject@@MBEPAVwxRefCounter@@PBV2@@Z)
cApp.obj : error LNK2001: unresolved external symbol "protected: virtual class wxRefCounter * __thiscall wxObject::CreateRefData(void)const " (?CreateRefData@wxObject@@MBEPAVwxRefCounter@@XZ)
cApp.obj : error LNK2001: unresolved external symbol "protected: static class wxAppConsole * wxAppConsoleBase::ms_appInstance" (?ms_appInstance@wxAppConsoleBase@@1PAVwxAppConsole@@A)
cApp.obj : error LNK2001: unresolved external symbol "protected: virtual class wxAppTraits * __thiscall wxAppBase::CreateTraits(void)" (?CreateTraits@wxAppBase@@MAEPAVwxAppTraits@@XZ)
cApp.obj : error LNK2001: unresolved external symbol "public: virtual void __thiscall wxAppBase::SetActive(bool,class wxWindow *)" (?SetActive@wxAppBase@@UAEX_NPAVwxWindow@@@Z)
cApp.obj : error LNK2001: unresolved external symbol "public: virtual void __thiscall wxAppBase::OnInitCmdLine(class wxCmdLineParser &)" (?OnInitCmdLine@wxAppBase@@UAEXAAVwxCmdLineParser@@@Z)
cApp.obj : error LNK2001: unresolved external symbol "public: virtual bool __thiscall wxAppBase::OnCmdLineParsed(class wxCmdLineParser &)" (?OnCmdLineParsed@wxAppBase@@UAE_NAAVwxCmdLineParser@@@Z)
cApp.obj : error LNK2001: unresolved external symbol "public: virtual enum wxLayoutDirection __thiscall wxAppBase::GetLayoutDirection(void)const " (?GetLayoutDirection@wxAppBase@@UBE?AW4wxLayoutDirection@@XZ)
cApp.obj : error LNK2001: unresolved external symbol "public: virtual struct wxVideoMode __thiscall wxAppBase::GetDisplayMode(void)const " (?GetDisplayMode@wxAppBase@@UBE?AUwxVideoMode@@XZ)
cApp.obj : error LNK2001: unresolved external symbol "public: virtual class wxWindow * __thiscall wxAppBase::GetTopWindow(void)const " (?GetTopWindow@wxAppBase@@UBEPAVwxWindow@@XZ)
cApp.obj : error LNK2001: unresolved external symbol "public: virtual bool __thiscall wxAppBase::ProcessIdle(void)" (?ProcessIdle@wxAppBase@@UAE_NXZ)
cApp.obj : error LNK2001: unresolved external symbol "public: virtual bool __thiscall wxAppBase::SafeYieldFor(class wxWindow *,long)" (?SafeYieldFor@wxAppBase@@UAE_NPAVwxWindow@@J@Z)
cApp.obj : error LNK2001: unresolved external symbol "public: virtual bool __thiscall wxAppBase::SafeYield(class wxWindow *,bool)" (?SafeYield@wxAppBase@@UAE_NPAVwxWindow@@_N@Z)
cApp.obj : error LNK2001: unresolved external symbol "public: virtual int __thiscall wxAppBase::OnExit(void)" (?OnExit@wxAppBase@@UAEHXZ)
cApp.obj : error LNK2001: unresolved external symbol "public: virtual int __thiscall wxAppBase::OnRun(void)" (?OnRun@wxAppBase@@UAEHXZ)
cApp.obj : error LNK2001: unresolved external symbol "public: virtual bool __thiscall wxAppBase::OnInitGui(void)" (?OnInitGui@wxAppBase@@UAE_NXZ)
cApp.obj : error LNK2001: unresolved external symbol "protected: virtual void * __thiscall wxEvtHandler::DoGetClientData(void)const " (?DoGetClientData@wxEvtHandler@@MBEPAXXZ)
cApp.obj : error LNK2001: unresolved external symbol "protected: virtual void __thiscall wxEvtHandler::DoSetClientData(void *)" (?DoSetClientData@wxEvtHandler@@MAEXPAX@Z)
cApp.obj : error LNK2001: unresolved external symbol "protected: virtual class wxClientData * __thiscall wxEvtHandler::DoGetClientObject(void)const " (?DoGetClientObject@wxEvtHandler@@MBEPAVwxClientData@@XZ)
cApp.obj : error LNK2001: unresolved external symbol "protected: virtual void __thiscall wxEvtHandler::DoSetClientObject(class wxClientData *)" (?DoSetClientObject@wxEvtHandler@@MAEXPAVwxClientData@@@Z)
cApp.obj : error LNK2001: unresolved external symbol "protected: virtual bool __thiscall wxEvtHandler::TryAfter(class wxEvent &)" (?TryAfter@wxEvtHandler@@MAE_NAAVwxEvent@@@Z)
cApp.obj : error LNK2001: unresolved external symbol "protected: virtual bool __thiscall wxEvtHandler::TryBefore(class wxEvent &)" (?TryBefore@wxEvtHandler@@MAE_NAAVwxEvent@@@Z)
cApp.obj : error LNK2001: unresolved external symbol "public: virtual bool __thiscall wxEvtHandler::SearchEventTable(struct wxEventTable &,class wxEvent &)" (?SearchEventTable@wxEvtHandler@@UAE_NAAUwxEventTable@@AAVwxEvent@@@Z)
cApp.obj : error LNK2001: unresolved external symbol "public: virtual void __thiscall wxEvtHandler::QueueEvent(class wxEvent *)" (?QueueEvent@wxEvtHandler@@UAEXPAVwxEvent@@@Z)
cApp.obj : error LNK2001: unresolved external symbol "public: virtual bool __thiscall wxEvtHandler::ProcessEvent(class wxEvent &)" (?ProcessEvent@wxEvtHandler@@UAE_NAAVwxEvent@@@Z)
cMain.obj : error LNK2001: unresolved external symbol "private: static struct wxString::SubstrBufFromType<class wxScopedCharTypeBuffer<wchar_t> > __cdecl wxString::ConvertStr(char const *,unsigned int,class wxMBConv const &)" (?ConvertStr@wxString@@CA?AU?$SubstrBufFromType@V?$wxScopedCharTypeBuffer@_W@@@1@PBDIABVwxMBConv@@@Z)
cMain.obj : error LNK2001: unresolved external symbol "void __cdecl wxOnAssert(char const *,int,char const *,char const *,char const *)" (?wxOnAssert@@YAXPBDH000@Z)
cMain.obj : error LNK2001: unresolved external symbol "void (__cdecl* wxTheAssertHandler)(class wxString const &,int,class wxString const &,class wxString const &,class wxString const &)" (?wxTheAssertHandler@@3P6AXABVwxString@@H000@ZA)
cMain.obj : error LNK2001: unresolved external symbol "protected: virtual void __thiscall wxTopLevelWindowMSW::MSWGetCreateWindowCoords(class wxPoint const &,class wxSize const &,int &,int &,int &,int &)const " (?MSWGetCreateWindowCoords@wxTopLevelWindowMSW@@MBEXABVwxPoint@@ABVwxSize@@AAH222@Z)
cMain.obj : error LNK2001: unresolved external symbol "protected: virtual void __thiscall wxTopLevelWindowMSW::DoThaw(void)" (?DoThaw@wxTopLevelWindowMSW@@MAEXXZ)
cMain.obj : error LNK2001: unresolved external symbol "protected: virtual void __thiscall wxTopLevelWindowMSW::DoFreeze(void)" (?DoFreeze@wxTopLevelWindowMSW@@MAEXXZ)
cMain.obj : error LNK2001: unresolved external symbol "protected: virtual void __thiscall wxTopLevelWindowMSW::DoGetSize(int *,int *)const " (?DoGetSize@wxTopLevelWindowMSW@@MBEXPAH0@Z)
cMain.obj : error LNK2001: unresolved external symbol "protected: virtual void __thiscall wxTopLevelWindowMSW::DoGetPosition(int *,int *)const " (?DoGetPosition@wxTopLevelWindowMSW@@MBEXPAH0@Z)
cMain.obj : error LNK2001: unresolved external symbol "public: virtual struct HWND__ * __thiscall wxTopLevelWindowMSW::MSWGetParent(void)const " (?MSWGetParent@wxTopLevelWindowMSW@@UBEPAUHWND__@@XZ)
cMain.obj : error LNK2001: unresolved external symbol "public: virtual unsigned long __thiscall wxTopLevelWindowMSW::MSWGetStyle(long,unsigned long *)const " (?MSWGetStyle@wxTopLevelWindowMSW@@UBEKJPAK@Z)
cMain.obj : error LNK2001: unresolved external symbol "public: virtual bool __thiscall wxTopLevelWindowMSW::CanSetTransparent(void)" (?CanSetTransparent@wxTopLevelWindowMSW@@UAE_NXZ)
cMain.obj : error LNK2001: unresolved external symbol "public: virtual bool __thiscall wxTopLevelWindowMSW::SetTransparent(unsigned char)" (?SetTransparent@wxTopLevelWindowMSW@@UAE_NE@Z)
cMain.obj : error LNK2001: unresolved external symbol "public: virtual bool __thiscall wxTopLevelWindowMSW::EnableMinimizeButton(bool)" (?EnableMinimizeButton@wxTopLevelWindowMSW@@UAE_N_N@Z)
cMain.obj : error LNK2001: unresolved external symbol "public: virtual bool __thiscall wxTopLevelWindowMSW::EnableMaximizeButton(bool)" (?EnableMaximizeButton@wxTopLevelWindowMSW@@UAE_N_N@Z)
cMain.obj : error LNK2001: unresolved external symbol "public: virtual bool __thiscall wxTopLevelWindowMSW::EnableCloseButton(bool)" (?EnableCloseButton@wxTopLevelWindowMSW@@UAE_N_N@Z)
cMain.obj : error LNK2001: unresolved external symbol "public: virtual void __thiscall wxTopLevelWindowMSW::ShowWithoutActivating(void)" (?ShowWithoutActivating@wxTopLevelWindowMSW@@UAEXXZ)
cMain.obj : error LNK2001: unresolved external symbol "public: virtual void __thiscall wxTopLevelWindowMSW::Raise(void)" (?Raise@wxTopLevelWindowMSW@@UAEXXZ)
cMain.obj : error LNK2001: unresolved external symbol "public: virtual bool __thiscall wxTopLevelWindowMSW::Show(bool)" (?Show@wxTopLevelWindowMSW@@UAE_N_N@Z)
cMain.obj : error LNK2001: unresolved external symbol "public: virtual void __thiscall wxTopLevelWindowMSW::RequestUserAttention(int)" (?RequestUserAttention@wxTopLevelWindowMSW@@UAEXH@Z)
cMain.obj : error LNK2001: unresolved external symbol "public: virtual void __thiscall wxTopLevelWindowMSW::SetLayoutDirection(enum wxLayoutDirection)" (?SetLayoutDirection@wxTopLevelWindowMSW@@UAEXW4wxLayoutDirection@@@Z)
cMain.obj : error LNK2001: unresolved external symbol "public: virtual void __thiscall wxTopLevelWindowMSW::Restore(void)" (?Restore@wxTopLevelWindowMSW@@UAEXXZ)
cMain.obj : error LNK2001: unresolved external symbol "public: virtual void __thiscall wxTopLevelWindowMSW::SetIcons(class wxIconBundle const &)" (?SetIcons@wxTopLevelWindowMSW@@UAEXABVwxIconBundle@@@Z)
cMain.obj : error LNK2001: unresolved external symbol "public: virtual bool __thiscall wxTopLevelWindowMSW::IsIconized(void)const " (?IsIconized@wxTopLevelWindowMSW@@UBE_NXZ)
cMain.obj : error LNK2001: unresolved external symbol "public: virtual void __thiscall wxTopLevelWindowMSW::Iconize(bool)" (?Iconize@wxTopLevelWindowMSW@@UAEX_N@Z)
cMain.obj : error LNK2001: unresolved external symbol "public: virtual bool __thiscall wxTopLevelWindowMSW::IsMaximized(void)const " (?IsMaximized@wxTopLevelWindowMSW@@UBE_NXZ)
cMain.obj : error LNK2001: unresolved external symbol "public: virtual void __thiscall wxTopLevelWindowMSW::Maximize(bool)" (?Maximize@wxTopLevelWindowMSW@@UAEX_N@Z)
cMain.obj : error LNK2001: unresolved external symbol "public: virtual class wxString __thiscall wxTopLevelWindowMSW::GetTitle(void)const " (?GetTitle@wxTopLevelWindowMSW@@UBE?AVwxString@@XZ)
cMain.obj : error LNK2001: unresolved external symbol "public: virtual void __thiscall wxTopLevelWindowMSW::SetTitle(class wxString const &)" (?SetTitle@wxTopLevelWindowMSW@@UAEXABVwxString@@@Z)
cMain.obj : error LNK2001: unresolved external symbol "public: virtual class wxClassInfo * __thiscall wxFrame::GetClassInfo(void)const " (?GetClassInfo@wxFrame@@UBEPAVwxClassInfo@@XZ)
cMain.obj : error LNK2001: unresolved external symbol "protected: virtual class wxEventHashTable & __thiscall wxFrame::GetEventHashTable(void)const " (?GetEventHashTable@wxFrame@@MBEAAVwxEventHashTable@@XZ)
cMain.obj : error LNK2001: unresolved external symbol "protected: virtual struct wxEventTable const * __thiscall wxFrame::GetEventTable(void)const " (?GetEventTable@wxFrame@@MBEPBUwxEventTable@@XZ)
cMain.obj : error LNK2001: unresolved external symbol "protected: virtual void __thiscall wxFrame::PositionStatusBar(void)" (?PositionStatusBar@wxFrame@@MAEXXZ)
cMain.obj : error LNK2001: unresolved external symbol "protected: virtual void __thiscall wxFrame::PositionToolBar(void)" (?PositionToolBar@wxFrame@@MAEXXZ)
cMain.obj : error LNK2001: unresolved external symbol "protected: virtual struct HICON__ * __thiscall wxFrame::GetDefaultIcon(void)const " (?GetDefaultIcon@wxFrame@@MBEPAUHICON__@@XZ)
cMain.obj : error LNK2001: unresolved external symbol "protected: bool __thiscall wxFrame::MSWDoTranslateMessage(class wxFrame *,struct tagMSG *)" (?MSWDoTranslateMessage@wxFrame@@IAE_NPAV1@PAUtagMSG@@@Z)
cMain.obj : error LNK2001: unresolved external symbol "protected: virtual void __thiscall wxFrame::InternalSetMenuBar(void)" (?InternalSetMenuBar@wxFrame@@MAEXXZ)
cMain.obj : error LNK2001: unresolved external symbol "protected: virtual void __thiscall wxFrame::AttachMenuBar(class wxMenuBar *)" (?AttachMenuBar@wxFrame@@MAEXPAVwxMenuBar@@@Z)
cMain.obj : error LNK2001: unresolved external symbol "protected: virtual void __thiscall wxFrame::DoSetClientSize(int,int)" (?DoSetClientSize@wxFrame@@MAEXHH@Z)
cMain.obj : error LNK2001: unresolved external symbol "protected: virtual void __thiscall wxFrame::DoGetClientSize(int *,int *)const " (?DoGetClientSize@wxFrame@@MBEXPAH0@Z)
cMain.obj : error LNK2001: unresolved external symbol "protected: void __thiscall wxFrame::Init(void)" (?Init@wxFrame@@IAEXXZ)
cMain.obj : error LNK2001: unresolved external symbol "public: virtual class wxMenu * __thiscall wxFrame::MSWFindMenuFromHMENU(struct HMENU__ *)" (?MSWFindMenuFromHMENU@wxFrame@@UAEPAVwxMenu@@PAUHMENU__@@@Z)
cMain.obj : error LNK2001: unresolved external symbol "public: virtual bool __thiscall wxFrame::DoSendMenuOpenCloseEvent(int,class wxMenu *)" (?DoSendMenuOpenCloseEvent@wxFrame@@UAE_NHPAVwxMenu@@@Z)
cMain.obj : error LNK2001: unresolved external symbol "public: virtual bool __thiscall wxFrame::HandleMenuSelect(unsigned short,unsigned short,struct HMENU__ *)" (?HandleMenuSelect@wxFrame@@UAE_NGGPAUHMENU__@@@Z)
cMain.obj : error LNK2001: unresolved external symbol "public: virtual long __thiscall wxFrame::MSWWindowProc(unsigned int,unsigned int,long)" (?MSWWindowProc@wxFrame@@UAEJIIJ@Z)
cMain.obj : error LNK2001: unresolved external symbol "public: virtual class wxPoint __thiscall wxFrame::GetClientAreaOrigin(void)const " (?GetClientAreaOrigin@wxFrame@@UBE?AVwxPoint@@XZ)
cMain.obj : error LNK2001: unresolved external symbol "public: virtual void __thiscall wxFrame::SendSizeEvent(int)" (?SendSizeEvent@wxFrame@@UAEXH@Z)
cMain.obj : error LNK2001: unresolved external symbol "public: virtual class wxStatusBar * __thiscall wxFrame::OnCreateStatusBar(int,long,int,class wxString const &)" (?OnCreateStatusBar@wxFrame@@UAEPAVwxStatusBar@@HJHABVwxString@@@Z)
cMain.obj : error LNK2001: unresolved external symbol "public: virtual class wxToolBar * __thiscall wxFrame::CreateToolBar(long,int,class wxString const &)" (?CreateToolBar@wxFrame@@UAEPAVwxToolBar@@JHABVwxString@@@Z)
cMain.obj : error LNK2001: unresolved external symbol "public: virtual bool __thiscall wxFrame::ShowFullScreen(bool,long)" (?ShowFullScreen@wxFrame@@UAE_N_NJ@Z)
cMain.obj : error LNK2001: unresolved external symbol "public: virtual __thiscall wxFrame::~wxFrame(void)" (??1wxFrame@@UAE@XZ)
cMain.obj : error LNK2001: unresolved external symbol "public: bool __thiscall wxFrame::Create(class wxWindow *,int,class wxString const &,class wxPoint const &,class wxSize const &,long,class wxString const &)" (?Create@wxFrame@@QAE_NPAVwxWindow@@HABVwxString@@ABVwxPoint@@ABVwxSize@@J1@Z)
cMain.obj : error LNK2001: unresolved external symbol "protected: virtual void __thiscall wxWindowBase::DoSetWindowVariant(enum wxWindowVariant)" (?DoSetWindowVariant@wxWindowBase@@MAEXW4wxWindowVariant@@@Z)
cMain.obj : error LNK2001: unresolved external symbol "protected: virtual void __thiscall wxWindowBase::DoSetToolTipText(class wxString const &)" (?DoSetToolTipText@wxWindowBase@@MAEXABVwxString@@@Z)
cMain.obj : error LNK2001: unresolved external symbol "protected: virtual void __thiscall wxWindowBase::DoSetSizeHints(int,int,int,int,int,int)" (?DoSetSizeHints@wxWindowBase@@MAEXHHHHHH@Z)
cMain.obj : error LNK2001: unresolved external symbol "protected: virtual class wxSize __thiscall wxWindowBase::DoGetBestSize(void)const " (?DoGetBestSize@wxWindowBase@@MBE?AVwxSize@@XZ)
cMain.obj : error LNK2001: unresolved external symbol "protected: virtual enum wxHitTest __thiscall wxWindowBase::DoHitTest(int,int)const " (?DoHitTest@wxWindowBase@@MBE?AW4wxHitTest@@HH@Z)
cMain.obj : error LNK2001: unresolved external symbol "protected: virtual bool __thiscall wxWindowBase::DoNavigateIn(int)" (?DoNavigateIn@wxWindowBase@@MAE_NH@Z)
cMain.obj : error LNK2001: unresolved external symbol "protected: virtual void __thiscall wxWindowBase::DoMoveInTabOrder(class wxWindow *,enum wxWindowBase::WindowOrder)" (?DoMoveInTabOrder@wxWindowBase@@MAEXPAVwxWindow@@W4WindowOrder@1@@Z)
cMain.obj : error LNK2001: unresolved external symbol "protected: virtual bool __thiscall wxWindowBase::TryAfter(class wxEvent &)" (?TryAfter@wxWindowBase@@MAE_NAAVwxEvent@@@Z)
cMain.obj : error LNK2001: unresolved external symbol "protected: virtual bool __thiscall wxWindowBase::TryBefore(class wxEvent &)" (?TryBefore@wxWindowBase@@MAE_NAAVwxEvent@@@Z)
cMain.obj : error LNK2001: unresolved external symbol "public: virtual bool __thiscall wxWindowBase::SendIdleEvents(class wxIdleEvent &)" (?SendIdleEvents@wxWindowBase@@UAE_NAAVwxIdleEvent@@@Z)
cMain.obj : error LNK2001: unresolved external symbol "public: virtual void __thiscall wxWindowBase::GetPositionConstraint(int *,int *)const " (?GetPositionConstraint@wxWindowBase@@UBEXPAH0@Z)
cMain.obj : error LNK2001: unresolved external symbol "public: virtual void __thiscall wxWindowBase::GetClientSizeConstraint(int *,int *)const " (?GetClientSizeConstraint@wxWindowBase@@UBEXPAH0@Z)
cMain.obj : error LNK2001: unresolved external symbol "public: virtual void __thiscall wxWindowBase::GetSizeConstraint(int *,int *)const " (?GetSizeConstraint@wxWindowBase@@UBEXPAH0@Z)
cMain.obj : error LNK2001: unresolved external symbol "public: virtual void __thiscall wxWindowBase::MoveConstraint(int,int)" (?MoveConstraint@wxWindowBase@@UAEXHH@Z)
cMain.obj : error LNK2001: unresolved external symbol "public: virtual void __thiscall wxWindowBase::SetSizeConstraint(int,int,int,int)" (?SetSizeConstraint@wxWindowBase@@UAEXHHHH@Z)
cMain.obj : error LNK2001: unresolved external symbol "public: virtual bool __thiscall wxWindowBase::DoPhase(int)" (?DoPhase@wxWindowBase@@UAE_NH@Z)
cMain.obj : error LNK2001: unresolved external symbol "public: virtual bool __thiscall wxWindowBase::LayoutPhase2(int *)" (?LayoutPhase2@wxWindowBase@@UAE_NPAH@Z)
cMain.obj : error LNK2001: unresolved external symbol "public: virtual bool __thiscall wxWindowBase::LayoutPhase1(int *)" (?LayoutPhase1@wxWindowBase@@UAE_NPAH@Z)
cMain.obj : error LNK2001: unresolved external symbol "public: virtual void __thiscall wxWindowBase::SetConstraintSizes(bool)" (?SetConstraintSizes@wxWindowBase@@UAEX_N@Z)
cMain.obj : error LNK2001: unresolved external symbol "public: virtual class wxString __thiscall wxWindowBase::GetHelpTextAtPoint(class wxPoint const &,enum wxHelpEvent::Origin)const " (?GetHelpTextAtPoint@wxWindowBase@@UBE?AVwxString@@ABVwxPoint@@W4Origin@wxHelpEvent@@@Z)
cMain.obj : error LNK2001: unresolved external symbol "public: virtual bool __thiscall wxWindowBase::CanScroll(int)const " (?CanScroll@wxWindowBase@@UBE_NH@Z)
cMain.obj : error LNK2001: unresolved external symbol "public: virtual bool __thiscall wxWindowBase::IsTransparentBackgroundSupported(class wxString *)const " (?IsTransparentBackgroundSupported@wxWindowBase@@UBE_NPAVwxString@@@Z)
cMain.obj : error LNK2001: unresolved external symbol "public: virtual bool __thiscall wxWindowBase::SetBackgroundStyle(enum wxBackgroundStyle)" (?SetBackgroundStyle@wxWindowBase@@UAE_NW4wxBackgroundStyle@@@Z)
cMain.obj : error LNK2001: unresolved external symbol "public: virtual bool __thiscall wxWindowBase::SetForegroundColour(class wxColour const &)" (?SetForegroundColour@wxWindowBase@@UAE_NABVwxColour@@@Z)
cMain.obj : error LNK2001: unresolved external symbol "public: virtual bool __thiscall wxWindowBase::SetBackgroundColour(class wxColour const &)" (?SetBackgroundColour@wxWindowBase@@UAE_NABVwxColour@@@Z)
cMain.obj : error LNK2001: unresolved external symbol "public: static struct wxVisualAttributes __cdecl wxWindowBase::GetClassDefaultAttributes(enum wxWindowVariant)" (?GetClassDefaultAttributes@wxWindowBase@@SA?AUwxVisualAttributes@@W4wxWindowVariant@@@Z)
cMain.obj : error LNK2001: unresolved external symbol "public: virtual bool __thiscall wxWindowBase::DoIsExposed(int,int)const " (?DoIsExposed@wxWindowBase@@UBE_NHH@Z)
cMain.obj : error LNK2001: unresolved external symbol "public: virtual bool __thiscall wxWindowBase::DoIsExposed(int,int,int,int)const " (?DoIsExposed@wxWindowBase@@UBE_NHHHH@Z)
cMain.obj : error LNK2001: unresolved external symbol "public: virtual void __thiscall wxWindowBase::ClearBackground(void)" (?ClearBackground@wxWindowBase@@UAEXXZ)
cMain.obj : error LNK2001: unresolved external symbol "public: static class wxWindow * __cdecl wxWindowBase::GetCapture(void)" (?GetCapture@wxWindowBase@@SAPAVwxWindow@@XZ)
cMain.obj : error LNK2001: unresolved external symbol "public: virtual void __thiscall wxWindowBase::InitDialog(void)" (?InitDialog@wxWindowBase@@UAEXXZ)
cMain.obj : error LNK2001: unresolved external symbol "public: virtual bool __thiscall wxWindowBase::TransferDataFromWindow(void)" (?TransferDataFromWindow@wxWindowBase@@UAE_NXZ)
cMain.obj : error LNK2001: unresolved external symbol "public: virtual bool __thiscall wxWindowBase::TransferDataToWindow(void)" (?TransferDataToWindow@wxWindowBase@@UAE_NXZ)
cMain.obj : error LNK2001: unresolved external symbol "public: virtual bool __thiscall wxWindowBase::Validate(void)" (?Validate@wxWindowBase@@UAE_NXZ)
cMain.obj : error LNK2001: unresolved external symbol "public: virtual void __thiscall wxWindowBase::SetValidator(class wxValidator const &)" (?SetValidator@wxWindowBase@@UAEXABVwxValidator@@@Z)
cMain.obj : error LNK2001: unresolved external symbol "public: virtual void __thiscall wxWindowBase::SetPreviousHandler(class wxEvtHandler *)" (?SetPreviousHandler@wxWindowBase@@UAEXPAVwxEvtHandler@@@Z)
cMain.obj : error LNK2001: unresolved external symbol "public: virtual void __thiscall wxWindowBase::SetNextHandler(class wxEvtHandler *)" (?SetNextHandler@wxWindowBase@@UAEXPAVwxEvtHandler@@@Z)
cMain.obj : error LNK2001: unresolved external symbol "public: virtual void __thiscall wxWindowBase::RemoveChild(class wxWindowBase *)" (?RemoveChild@wxWindowBase@@UAEXPAV1@@Z)
cMain.obj : error LNK2001: unresolved external symbol "public: virtual void __thiscall wxWindowBase::AddChild(class wxWindowBase *)" (?AddChild@wxWindowBase@@UAEXPAV1@@Z)
cMain.obj : error LNK2001: unresolved external symbol "public: bool __thiscall wxWindowBase::IsDescendant(class wxWindowBase *)const " (?IsDescendant@wxWindowBase@@QBE_NPAV1@@Z)
cMain.obj : error LNK2001: unresolved external symbol "public: virtual bool __thiscall wxWindowBase::HasFocus(void)const " (?HasFocus@wxWindowBase@@UBE_NXZ)
cMain.obj : error LNK2001: unresolved external symbol "public: static class wxWindow * __cdecl wxWindowBase::FindFocus(void)" (?FindFocus@wxWindowBase@@SAPAVwxWindow@@XZ)
cMain.obj : error LNK2001: unresolved external symbol "public: virtual bool __thiscall wxWindowBase::IsShownOnScreen(void)const " (?IsShownOnScreen@wxWindowBase@@UBE_NXZ)
cMain.obj : error LNK2001: unresolved external symbol "public: bool __thiscall wxWindowBase::IsEnabled(void)const " (?IsEnabled@wxWindowBase@@QBE_NXZ)
cMain.obj : error LNK2001: unresolved external symbol "public: virtual bool __thiscall wxWindowBase::Enable(bool)" (?Enable@wxWindowBase@@UAE_N_N@Z)
cMain.obj : error LNK2001: unresolved external symbol "public: virtual bool __thiscall wxWindowBase::InformFirstDirection(int,int,int)" (?InformFirstDirection@wxWindowBase@@UAE_NHHH@Z)
cMain.obj : error LNK2001: unresolved external symbol "public: virtual class wxSize __thiscall wxWindowBase::GetWindowBorderSize(void)const " (?GetWindowBorderSize@wxWindowBase@@UBE?AVwxSize@@XZ)
cMain.obj : error LNK2001: unresolved external symbol "public: virtual double __thiscall wxWindowBase::GetContentScaleFactor(void)const " (?GetContentScaleFactor@wxWindowBase@@UBENXZ)
cMain.obj : error LNK2001: unresolved external symbol "public: virtual class wxSize __thiscall wxWindowBase::DoGetVirtualSize(void)const " (?DoGetVirtualSize@wxWindowBase@@UBE?AVwxSize@@XZ)
cMain.obj : error LNK2001: unresolved external symbol "public: virtual void __thiscall wxWindowBase::DoSetVirtualSize(int,int)" (?DoSetVirtualSize@wxWindowBase@@UAEXHH@Z)
cMain.obj : error LNK2001: unresolved external symbol "public: virtual void __thiscall wxWindowBase::FitInside(void)" (?FitInside@wxWindowBase@@UAEXXZ)
cMain.obj : error LNK2001: unresolved external symbol "public: virtual void __thiscall wxWindowBase::Fit(void)" (?Fit@wxWindowBase@@UAEXXZ)
cMain.obj : error LNK2001: unresolved external symbol "public: virtual class wxSize __thiscall wxWindowBase::GetEffectiveMinSize(void)const " (?GetEffectiveMinSize@wxWindowBase@@UBE?AVwxSize@@XZ)
cMain.obj : error LNK2001: unresolved external symbol "public: class wxSize __thiscall wxWindowBase::GetBestSize(void)const " (?GetBestSize@wxWindowBase@@QBE?AVwxSize@@XZ)
cMain.obj : error LNK2001: unresolved external symbol "public: virtual class wxSize __thiscall wxWindowBase::WindowToClientSize(class wxSize const &)const " (?WindowToClientSize@wxWindowBase@@UBE?AVwxSize@@ABV2@@Z)
cMain.obj : error LNK2001: unresolved external symbol "public: virtual class wxSize __thiscall wxWindowBase::ClientToWindowSize(class wxSize const &)const " (?ClientToWindowSize@wxWindowBase@@UBE?AVwxSize@@ABV2@@Z)
cMain.obj : error LNK2001: unresolved external symbol "struct wxPrivate::UntypedBufferData * __cdecl wxPrivate::GetUntypedNullData(void)" (?GetUntypedNullData@wxPrivate@@YAPAUUntypedBufferData@1@XZ)
cMain.obj : error LNK2001: unresolved external symbol "protected: virtual void __thiscall wxWindow::DoSetToolTip(class wxToolTip *)" (?DoSetToolTip@wxWindow@@MAEXPAVwxToolTip@@@Z)
cMain.obj : error LNK2001: unresolved external symbol "protected: virtual void __thiscall wxWindow::DoMoveWindow(int,int,int,int)" (?DoMoveWindow@wxWindow@@MAEXHHHH@Z)
cMain.obj : error LNK2001: unresolved external symbol "protected: virtual void __thiscall wxWindow::DoEnable(bool)" (?DoEnable@wxWindow@@MAEX_N@Z)
cMain.obj : error LNK2001: unresolved external symbol "protected: virtual void __thiscall wxWindow::DoReleaseMouse(void)" (?DoReleaseMouse@wxWindow@@MAEXXZ)
cMain.obj : error LNK2001: unresolved external symbol "protected: virtual void __thiscall wxWindow::DoCaptureMouse(void)" (?DoCaptureMouse@wxWindow@@MAEXXZ)
cMain.obj : error LNK2001: unresolved external symbol "protected: virtual class wxSize __thiscall wxWindow::DoGetBorderSize(void)const " (?DoGetBorderSize@wxWindow@@MBE?AVwxSize@@XZ)
cMain.obj : error LNK2001: unresolved external symbol "protected: virtual void __thiscall wxWindow::DoSetSize(int,int,int,int,int)" (?DoSetSize@wxWindow@@MAEXHHHHH@Z)
cMain.obj : error LNK2001: unresolved external symbol "protected: virtual void __thiscall wxWindow::DoGetTextExtent(class wxString const &,int *,int *,int *,int *,class wxFont const *)const " (?DoGetTextExtent@wxWindow@@MBEXABVwxString@@PAH111PBVwxFont@@@Z)
cMain.obj : error LNK2001: unresolved external symbol "protected: virtual bool __thiscall wxWindow::DoPopupMenu(class wxMenu *,int,int)" (?DoPopupMenu@wxWindow@@MAE_NPAVwxMenu@@HH@Z)
cMain.obj : error LNK2001: unresolved external symbol "protected: virtual enum wxBorder __thiscall wxWindow::TranslateBorder(enum wxBorder)const " (?TranslateBorder@wxWindow@@MBE?AW4wxBorder@@W42@@Z)
cMain.obj : error LNK2001: unresolved external symbol "protected: virtual enum wxBorder __thiscall wxWindow::GetDefaultBorder(void)const " (?GetDefaultBorder@wxWindow@@MBE?AW4wxBorder@@XZ)
cMain.obj : error LNK2001: unresolved external symbol "protected: virtual enum wxBorder __thiscall wxWindow::GetDefaultBorderForControl(void)const " (?GetDefaultBorderForControl@wxWindow@@MBE?AW4wxBorder@@XZ)
cMain.obj : error LNK2001: unresolved external symbol "protected: virtual void __thiscall wxWindow::MSWUpdateFontOnDPIChange(class wxSize const &)" (?MSWUpdateFontOnDPIChange@wxWindow@@MAEXABVwxSize@@@Z)
cMain.obj : error LNK2001: unresolved external symbol "public: virtual bool __thiscall wxWindow::IsDoubleBuffered(void)const " (?IsDoubleBuffered@wxWindow@@UBE_NXZ)
cMain.obj : error LNK2001: unresolved external symbol "public: virtual void __thiscall wxWindow::SetDoubleBuffered(bool)" (?SetDoubleBuffered@wxWindow@@UAEX_N@Z)
cMain.obj : error LNK2001: unresolved external symbol "public: bool __thiscall wxWindow::MSWShowWithEffect(bool,enum wxShowEffect,unsigned int)" (?MSWShowWithEffect@wxWindow@@QAE_N_NW4wxShowEffect@@I@Z)
cMain.obj : error LNK2001: unresolved external symbol "public: virtual struct HBRUSH__ * __thiscall wxWindow::MSWGetBgBrushForChild(struct HDC__ *,class wxWindow *)" (?MSWGetBgBrushForChild@wxWindow@@UAEPAUHBRUSH__@@PAUHDC__@@PAV1@@Z)
cMain.obj : error LNK2001: unresolved external symbol "public: virtual void __thiscall wxWindow::MSWDestroyWindow(void)" (?MSWDestroyWindow@wxWindow@@UAEXXZ)
cMain.obj : error LNK2001: unresolved external symbol "public: virtual bool __thiscall wxWindow::MSWProcessMessage(struct tagMSG *)" (?MSWProcessMessage@wxWindow@@UAE_NPAUtagMSG@@@Z)
cMain.obj : error LNK2001: unresolved external symbol "public: virtual bool __thiscall wxWindow::MSWShouldPreProcessMessage(struct tagMSG *)" (?MSWShouldPreProcessMessage@wxWindow@@UAE_NPAUtagMSG@@@Z)
cMain.obj : error LNK2001: unresolved external symbol "public: virtual long __thiscall wxWindow::MSWDefWindowProc(unsigned int,unsigned int,long)" (?MSWDefWindowProc@wxWindow@@UAEJIIJ@Z)
cMain.obj : error LNK2001: unresolved external symbol "public: virtual bool __thiscall wxWindow::MSWHandleMessage(long *,unsigned int,unsigned int,long)" (?MSWHandleMessage@wxWindow@@UAE_NPAJIIJ@Z)
cMain.obj : error LNK2001: unresolved external symbol "public: virtual bool __thiscall wxWindow::HandleSettingChange(unsigned int,long)" (?HandleSettingChange@wxWindow@@UAE_NIJ@Z)
cMain.obj : error LNK2001: unresolved external symbol "public: virtual bool __thiscall wxWindow::MSWOnMeasureItem(int,void * *)" (?MSWOnMeasureItem@wxWindow@@UAE_NHPAPAX@Z)
cMain.obj : error LNK2001: unresolved external symbol "public: virtual bool __thiscall wxWindow::MSWOnDrawItem(int,void * *)" (?MSWOnDrawItem@wxWindow@@UAE_NHPAPAX@Z)
cMain.obj : error LNK2001: unresolved external symbol "public: virtual bool __thiscall wxWindow::MSWOnNotify(int,long,long *)" (?MSWOnNotify@wxWindow@@UAE_NHJPAJ@Z)
cMain.obj : error LNK2001: unresolved external symbol "public: virtual bool __thiscall wxWindow::MSWOnScroll(int,unsigned short,unsigned short,struct HWND__ *)" (?MSWOnScroll@wxWindow@@UAE_NHGGPAUHWND__@@@Z)
cMain.obj : error LNK2001: unresolved external symbol "public: virtual void __thiscall wxWindow::SetupColours(void)" (?SetupColours@wxWindow@@UAEXXZ)
cMain.obj : error LNK2001: unresolved external symbol "public: virtual void __thiscall wxWindow::AdoptAttributesFromHWND(void)" (?AdoptAttributesFromHWND@wxWindow@@UAEXXZ)
cMain.obj : error LNK2001: unresolved external symbol "public: virtual class wxWindow * __thiscall wxWindow::CreateWindowFromHWND(class wxWindow *,struct HWND__ *)" (?CreateWindowFromHWND@wxWindow@@UAEPAV1@PAV1@PAUHWND__@@@Z)
cMain.obj : error LNK2001: unresolved external symbol "public: virtual bool __thiscall wxWindow::MSWCommand(unsigned int,unsigned short)" (?MSWCommand@wxWindow@@UAE_NIG@Z)
cMain.obj : error LNK2001: unresolved external symbol "public: virtual void __thiscall wxWindow::DissociateHandle(void)" (?DissociateHandle@wxWindow@@UAEXXZ)
cMain.obj : error LNK2001: unresolved external symbol "public: virtual void __thiscall wxWindow::AssociateHandle(struct HWND__ *)" (?AssociateHandle@wxWindow@@UAEXPAUHWND__@@@Z)
cMain.obj : error LNK2001: unresolved external symbol "public: virtual bool __thiscall wxWindow::UnregisterHotKey(int)" (?UnregisterHotKey@wxWindow@@UAE_NH@Z)
cMain.obj : error LNK2001: unresolved external symbol "public: virtual bool __thiscall wxWindow::RegisterHotKey(int,int,int)" (?RegisterHotKey@wxWindow@@UAE_NHHH@Z)
cMain.obj : error LNK2001: unresolved external symbol "public: virtual bool __thiscall wxWindow::LoadNativeDialog(class wxWindow *,int)" (?LoadNativeDialog@wxWindow@@UAE_NPAV1@H@Z)
cMain.obj : error LNK2001: unresolved external symbol "public: virtual bool __thiscall wxWindow::LoadNativeDialog(class wxWindow *,class wxString const &)" (?LoadNativeDialog@wxWindow@@UAE_NPAV1@ABVwxString@@@Z)
cMain.obj : error LNK2001: unresolved external symbol "public: virtual void __thiscall wxWindow::DragAcceptFiles(bool)" (?DragAcceptFiles@wxWindow@@UAEX_N@Z)
cMain.obj : error LNK2001: unresolved external symbol "public: virtual void __thiscall wxWindow::SetDropTarget(class wxDropTarget *)" (?SetDropTarget@wxWindow@@UAEXPAVwxDropTarget@@@Z)
cMain.obj : error LNK2001: unresolved external symbol "public: virtual void __thiscall wxWindow::SetId(int)" (?SetId@wxWindow@@UAEXH@Z)
cMain.obj : error LNK2001: unresolved external symbol "public: virtual int __thiscall wxWindow::AdjustForLayoutDirection(int,int,int)const " (?AdjustForLayoutDirection@wxWindow@@UBEHHHH@Z)
cMain.obj : error LNK2001: unresolved external symbol "public: virtual enum wxLayoutDirection __thiscall wxWindow::GetLayoutDirection(void)const " (?GetLayoutDirection@wxWindow@@UBE?AW4wxLayoutDirection@@XZ)
cMain.obj : error LNK2001: unresolved external symbol "public: virtual bool __thiscall wxWindow::ScrollPages(int)" (?ScrollPages@wxWindow@@UAE_NH@Z)
cMain.obj : error LNK2001: unresolved external symbol "public: virtual bool __thiscall wxWindow::ScrollLines(int)" (?ScrollLines@wxWindow@@UAE_NH@Z)
cMain.obj : error LNK2001: unresolved external symbol "public: virtual void __thiscall wxWindow::ScrollWindow(int,int,class wxRect const *)" (?ScrollWindow@wxWindow@@UAEXHHPBVwxRect@@@Z)
cMain.obj : error LNK2001: unresolved external symbol "public: virtual int __thiscall wxWindow::GetScrollRange(int)const " (?GetScrollRange@wxWindow@@UBEHH@Z)
cMain.obj : error LNK2001: unresolved external symbol "public: virtual int __thiscall wxWindow::GetScrollThumb(int)const " (?GetScrollThumb@wxWindow@@UBEHH@Z)
cMain.obj : error LNK2001: unresolved external symbol "public: virtual int __thiscall wxWindow::GetScrollPos(int)const " (?GetScrollPos@wxWindow@@UBEHH@Z)
cMain.obj : error LNK2001: unresolved external symbol "public: virtual void __thiscall wxWindow::SetScrollPos(int,int,bool)" (?SetScrollPos@wxWindow@@UAEXHH_N@Z)
cMain.obj : error LNK2001: unresolved external symbol "public: virtual void __thiscall wxWindow::SetScrollbar(int,int,int,int,bool)" (?SetScrollbar@wxWindow@@UAEXHHHH_N@Z)
cMain.obj : error LNK2001: unresolved external symbol "public: virtual int __thiscall wxWindow::GetCharWidth(void)const " (?GetCharWidth@wxWindow@@UBEHXZ)
cMain.obj : error LNK2001: unresolved external symbol "public: virtual int __thiscall wxWindow::GetCharHeight(void)const " (?GetCharHeight@wxWindow@@UBEHXZ)
cMain.obj : error LNK2001: unresolved external symbol "public: virtual bool __thiscall wxWindow::SetFont(class wxFont const &)" (?SetFont@wxWindow@@UAE_NABVwxFont@@@Z)
cMain.obj : error LNK2001: unresolved external symbol "public: virtual bool __thiscall wxWindow::SetCursor(class wxCursor const &)" (?SetCursor@wxWindow@@UAE_NABVwxCursor@@@Z)
cMain.obj : error LNK2001: unresolved external symbol "public: virtual void __thiscall wxWindow::SetExtraStyle(long)" (?SetExtraStyle@wxWindow@@UAEXJ@Z)
cMain.obj : error LNK2001: unresolved external symbol "public: virtual void __thiscall wxWindow::SetWindowStyleFlag(long)" (?SetWindowStyleFlag@wxWindow@@UAEXJ@Z)
cMain.obj : error LNK2001: unresolved external symbol "public: virtual void __thiscall wxWindow::Update(void)" (?Update@wxWindow@@UAEXXZ)
cMain.obj : error LNK2001: unresolved external symbol "public: virtual void __thiscall wxWindow::Refresh(bool,class wxRect const *)" (?Refresh@wxWindow@@UAEX_NPBVwxRect@@@Z)
cMain.obj : error LNK2001: unresolved external symbol "public: virtual bool __thiscall wxWindow::EnableTouchEvents(int)" (?EnableTouchEvents@wxWindow@@UAE_NH@Z)
cMain.obj : error LNK2001: unresolved external symbol "public: virtual void __thiscall wxWindow::WarpPointer(int,int)" (?WarpPointer@wxWindow@@UAEXHH@Z)
cMain.obj : error LNK2001: unresolved external symbol "public: virtual class wxSize __thiscall wxWindow::GetDPI(void)const " (?GetDPI@wxWindow@@UBE?AVwxSize@@XZ)
cMain.obj : error LNK2001: unresolved external symbol "public: virtual bool __thiscall wxWindow::Reparent(class wxWindowBase *)" (?Reparent@wxWindow@@UAE_NPAVwxWindowBase@@@Z)
cMain.obj : error LNK2001: unresolved external symbol "public: virtual void __thiscall wxWindow::SetFocusFromKbd(void)" (?SetFocusFromKbd@wxWindow@@UAEXXZ)
cMain.obj : error LNK2001: unresolved external symbol "public: virtual void __thiscall wxWindow::SetFocus(void)" (?SetFocus@wxWindow@@UAEXXZ)
cMain.obj : error LNK2001: unresolved external symbol "public: virtual void __thiscall wxWindow::EndRepositioningChildren(void)" (?EndRepositioningChildren@wxWindow@@UAEXXZ)
cMain.obj : error LNK2001: unresolved external symbol "public: virtual bool __thiscall wxWindow::BeginRepositioningChildren(void)" (?BeginRepositioningChildren@wxWindow@@UAE_NXZ)
cMain.obj : error LNK2001: unresolved external symbol "public: virtual void __thiscall wxWindow::Lower(void)" (?Lower@wxWindow@@UAEXXZ)
cMain.obj : error LNK2001: unresolved external symbol "public: virtual class wxString __thiscall wxWindow::GetLabel(void)const " (?GetLabel@wxWindow@@UBE?AVwxString@@XZ)
cMain.obj : error LNK2001: unresolved external symbol "public: virtual void __thiscall wxWindow::SetLabel(class wxString const &)" (?SetLabel@wxWindow@@UAEXABVwxString@@@Z)
cMain.obj : error LNK2001: unresolved external symbol "protected: virtual bool __thiscall wxColourBase::FromString(class wxString const &)" (?FromString@wxColourBase@@MAE_NABVwxString@@@Z)
cMain.obj : error LNK2001: unresolved external symbol "public: virtual class wxString __thiscall wxColourBase::GetAsString(long)const " (?GetAsString@wxColourBase@@UBE?AVwxString@@J@Z)
cMain.obj : error LNK2001: unresolved external symbol "char const * const wxFrameNameStr" (?wxFrameNameStr@@3QBDB)
cMain.obj : error LNK2001: unresolved external symbol "public: void __thiscall wxObject::UnRef(void)" (?UnRef@wxObject@@QAEXXZ)
cMain.obj : error LNK2001: unresolved external symbol "public: void __thiscall wxObject::Ref(class wxObject const &)" (?Ref@wxObject@@QAEXABV1@@Z)
cMain.obj : error LNK2001: unresolved external symbol "public: virtual class wxClassInfo * __thiscall wxObject::GetClassInfo(void)const " (?GetClassInfo@wxObject@@UBEPAVwxClassInfo@@XZ)
cMain.obj : error LNK2001: unresolved external symbol "class wxMBConv * wxConvLibcPtr" (?wxConvLibcPtr@@3PAVwxMBConv@@A)
cMain.obj : error LNK2001: unresolved external symbol "class wxMBConv * __cdecl wxGet_wxConvLibcPtr(void)" (?wxGet_wxConvLibcPtr@@YAPAVwxMBConv@@XZ)
cMain.obj : error LNK2001: unresolved external symbol "public: virtual __thiscall wxFont::~wxFont(void)" (??1wxFont@@UAE@XZ)
cMain.obj : error LNK2001: unresolved external symbol "protected: virtual void __thiscall wxFrameBase::DetachMenuBar(void)" (?DetachMenuBar@wxFrameBase@@MAEXXZ)
cMain.obj : error LNK2001: unresolved external symbol "protected: virtual bool __thiscall wxFrameBase::IsOneOfBars(class wxWindow const *)const " (?IsOneOfBars@wxFrameBase@@MBE_NPBVwxWindow@@@Z)
cMain.obj : error LNK2001: unresolved external symbol "public: virtual void __thiscall wxFrameBase::DoGiveHelp(class wxString const &,bool)" (?DoGiveHelp@wxFrameBase@@UAEXABVwxString@@_N@Z)
cMain.obj : error LNK2001: unresolved external symbol "public: virtual void __thiscall wxFrameBase::OnInternalIdle(void)" (?OnInternalIdle@wxFrameBase@@UAEXXZ)
cMain.obj : error LNK2001: unresolved external symbol "public: virtual void __thiscall wxFrameBase::UpdateWindowUI(long)" (?UpdateWindowUI@wxFrameBase@@UAEXJ@Z)
cMain.obj : error LNK2001: unresolved external symbol "public: virtual void __thiscall wxFrameBase::DoMenuUpdates(class wxMenu *)" (?DoMenuUpdates@wxFrameBase@@UAEXPAVwxMenu@@@Z)
cMain.obj : error LNK2001: unresolved external symbol "public: virtual void __thiscall wxFrameBase::SetToolBar(class wxToolBar *)" (?SetToolBar@wxFrameBase@@UAEXPAVwxToolBar@@@Z)
cMain.obj : error LNK2001: unresolved external symbol "public: virtual class wxToolBar * __thiscall wxFrameBase::OnCreateToolBar(long,int,class wxString const &)" (?OnCreateToolBar@wxFrameBase@@UAEPAVwxToolBar@@JHABVwxString@@@Z)
cMain.obj : error LNK2001: unresolved external symbol "public: virtual void __thiscall wxFrameBase::SetStatusWidths(int,int const * const)" (?SetStatusWidths@wxFrameBase@@UAEXHQBH@Z)
cMain.obj : error LNK2001: unresolved external symbol "public: virtual void __thiscall wxFrameBase::SetStatusText(class wxString const &,int)" (?SetStatusText@wxFrameBase@@UAEXABVwxString@@H@Z)
cMain.obj : error LNK2001: unresolved external symbol "public: virtual void __thiscall wxFrameBase::SetStatusBar(class wxStatusBar *)" (?SetStatusBar@wxFrameBase@@UAEXPAVwxStatusBar@@@Z)
cMain.obj : error LNK2001: unresolved external symbol "public: virtual class wxStatusBar * __thiscall wxFrameBase::CreateStatusBar(int,long,int,class wxString const &)" (?CreateStatusBar@wxFrameBase@@UAEPAVwxStatusBar@@HJHABVwxString@@@Z)
cMain.obj : error LNK2001: unresolved external symbol "public: virtual class wxMenuItem * __thiscall wxFrameBase::FindItemInMenuBar(int)const " (?FindItemInMenuBar@wxFrameBase@@UBEPAVwxMenuItem@@H@Z)
cMain.obj : error LNK2001: unresolved external symbol "public: virtual void __thiscall wxFrameBase::SetMenuBar(class wxMenuBar *)" (?SetMenuBar@wxFrameBase@@UAEXPAVwxMenuBar@@@Z)
cMain.obj : error LNK2001: unresolved external symbol "public: virtual __thiscall wxFrameBase::~wxFrameBase(void)" (??1wxFrameBase@@UAE@XZ)
cMain.obj : error LNK2001: unresolved external symbol "public: __thiscall wxFrameBase::wxFrameBase(void)" (??0wxFrameBase@@QAE@XZ)
cMain.obj : error LNK2001: unresolved external symbol "public: static unsigned int const wxString::npos" (?npos@wxString@@2IB)
cMain.obj : error LNK2001: unresolved external symbol "class wxSize const wxDefaultSize" (?wxDefaultSize@@3VwxSize@@B)
cMain.obj : error LNK2001: unresolved external symbol "bool wxTrapInAssert" (?wxTrapInAssert@@3_NA)
cMain.obj : error LNK2001: unresolved external symbol "protected: virtual void __thiscall wxTopLevelWindowBase::DoCentre(int)" (?DoCentre@wxTopLevelWindowBase@@MAEXH@Z)
cMain.obj : error LNK2001: unresolved external symbol "protected: virtual void __thiscall wxTopLevelWindowBase::DoScreenToClient(int *,int *)const " (?DoScreenToClient@wxTopLevelWindowBase@@MBEXPAH0@Z)
cMain.obj : error LNK2001: unresolved external symbol "protected: virtual void __thiscall wxTopLevelWindowBase::DoClientToScreen(int *,int *)const " (?DoClientToScreen@wxTopLevelWindowBase@@MBEXPAH0@Z)
cMain.obj : error LNK2001: unresolved external symbol "public: virtual void __thiscall wxTopLevelWindowBase::SetMaxSize(class wxSize const &)" (?SetMaxSize@wxTopLevelWindowBase@@UAEXABVwxSize@@@Z)
cMain.obj : error LNK2001: unresolved external symbol "public: virtual void __thiscall wxTopLevelWindowBase::SetMinSize(class wxSize const &)" (?SetMinSize@wxTopLevelWindowBase@@UAEXABVwxSize@@@Z)
cMain.obj : error LNK2001: unresolved external symbol "public: virtual void __thiscall wxTopLevelWindowBase::DoUpdateWindowUI(class wxUpdateUIEvent &)" (?DoUpdateWindowUI@wxTopLevelWindowBase@@UAEXAAVwxUpdateUIEvent@@@Z)
cMain.obj : error LNK2001: unresolved external symbol "public: virtual void __thiscall wxTopLevelWindowBase::GetRectForTopLevelChildren(int *,int *,int *,int *)" (?GetRectForTopLevelChildren@wxTopLevelWindowBase@@UAEXPAH000@Z)
cMain.obj : error LNK2001: unresolved external symbol "public: virtual bool __thiscall wxTopLevelWindowBase::Layout(void)" (?Layout@wxTopLevelWindowBase@@UAE_NXZ)
cMain.obj : error LNK2001: unresolved external symbol "public: virtual bool __thiscall wxTopLevelWindowBase::IsTopNavigationDomain(enum wxWindowBase::NavigationKind)const " (?IsTopNavigationDomain@wxTopLevelWindowBase@@UBE_NW4NavigationKind@wxWindowBase@@@Z)
cMain.obj : error LNK2001: unresolved external symbol "public: virtual bool __thiscall wxTopLevelWindowBase::Destroy(void)" (?Destroy@wxTopLevelWindowBase@@UAE_NXZ)
cMain.obj : error LNK2001: unresolved external symbol "public: virtual bool __thiscall wxTopLevelWindowBase::IsAlwaysMaximized(void)const " (?IsAlwaysMaximized@wxTopLevelWindowBase@@UBE_NXZ)
cMain.obj : error LNK2001: unresolved external symbol "protected: virtual bool __thiscall wxNonOwnedWindow::DoSetPathShape(class wxGraphicsPath const &)" (?DoSetPathShape@wxNonOwnedWindow@@MAE_NABVwxGraphicsPath@@@Z)
cMain.obj : error LNK2001: unresolved external symbol "protected: virtual bool __thiscall wxNonOwnedWindow::DoSetRegionShape(class wxRegion const &)" (?DoSetRegionShape@wxNonOwnedWindow@@MAE_NABVwxRegion@@@Z)
cMain.obj : error LNK2001: unresolved external symbol "protected: virtual bool __thiscall wxNonOwnedWindow::DoClearShape(void)" (?DoClearShape@wxNonOwnedWindow@@MAE_NXZ)
cMain.obj : error LNK2001: unresolved external symbol "class wxPoint const wxDefaultPosition" (?wxDefaultPosition@@3VwxPoint@@B)
C:\Users\Matthew\source\repos\ArcadeCabinetGUI\Release\ArcadeCabinetGUI.exe : fatal error LNK1120: 275 unresolved externals
